2026-05-11 21:50:27,409 - INFO - brightness 50
2026-05-11 21:50:27,883 - WARNING - exception parsing edid str for DISPLAY\AUO7EAD\4&300ab7d&0&UID8388688_0 - EDIDParseError: parsed EDID returned invalid display name
2026-05-11 21:50:54,955 - INFO - whatsapp dhiraj ab it is jarvis, i am working
2026-05-11 21:51:34,281 - INFO - how are you bro
2026-05-11 21:51:39,071 - INFO - HTTP Request: POST http://127.0.0.1:11434/api/chat "HTTP/1.1 200 OK"
2026-05-11 21:52:03,708 - INFO - how built taj mahal
2026-05-11 21:52:25,883 - INFO - open calculator
2026-05-11 21:52:36,227 - INFO - close calculator
2026-05-11 21:52:59,430 - INFO - open resumeai pdf
2026-05-11 21:54:02,963 - INFO - open resumeai
2026-05-11 21:54:15,253 - INFO - what is date today
2026-05-11 21:54:36,450 - INFO - can you explain me linked list
2026-05-11 21:59:37,506 - INFO - play song play song
2026-05-11 22:00:19,773 - INFO - play song hm pagal hai
2026-05-11 22:01:21,963 - INFO - check battery
2026-05-11 22:01:42,298 - INFO - maximize window
2026-05-11 22:02:03,839 - INFO - maximize window antigravity
2026-05-11 23:00:27,176 - INFO - who is the god of cricket
2026-05-11 23:00:38,334 - INFO - who is the god of cricket\
2026-05-11 23:00:43,073 - INFO - who is the god of cricket
2026-05-11 23:02:23,408 - INFO - who is the god of cricket
2026-05-11 23:02:59,350 - INFO - who is the god of cricket
2026-05-11 23:03:10,386 - INFO - HTTP Request: POST http://127.0.0.1:11434/api/chat "HTTP/1.1 200 OK"
2026-05-11 23:07:01,763 - INFO - who is the god of cricket
2026-05-11 23:07:10,138 - INFO - HTTP Request: POST http://127.0.0.1:11434/api/chat "HTTP/1.1 200 OK"
2026-05-11 23:12:49,818 - INFO - who is god of cricket
2026-05-11 23:13:04,891 - INFO - HTTP Request: POST http://127.0.0.1:11434/api/chat "HTTP/1.1 200 OK"
2026-05-11 23:46:33,367 - INFO - who is the god of cricket in india
2026-05-11 23:46:46,834 - INFO - HTTP Request: POST http://127.0.0.1:11434/api/chat "HTTP/1.1 200 OK"
2026-05-12 15:43:20,296 - INFO - whatsapp dhiraj ab hello
2026-05-12 15:44:20,796 - INFO - current time
2026-05-12 15:44:26,087 - INFO - battery
2026-05-12 15:44:34,524 - INFO - are you happy
2026-05-12 15:44:39,332 - INFO - HTTP Request: POST http://127.0.0.1:11434/api/chat "HTTP/1.1 200 OK"
2026-05-12 15:45:27,361 - INFO - who built taj mahal
2026-05-12 15:45:37,699 - INFO - HTTP Request: POST http://127.0.0.1:11434/api/chat "HTTP/1.1 200 OK"
2026-05-12 15:46:45,076 - INFO - any indian actress
2026-05-12 15:46:56,105 - INFO - HTTP Request: POST http://127.0.0.1:11434/api/chat "HTTP/1.1 200 OK"
2026-05-12 15:47:03,402 - INFO - play song shadgi
2026-05-12 15:51:50,710 - INFO - tell mme about me
2026-05-12 15:52:02,950 - INFO - HTTP Request: POST http://127.0.0.1:11434/api/chat "HTTP/1.1 200 OK"
2026-05-12 23:27:04,402 - INFO - who is the god of cricket
2026-05-12 23:27:29,422 - INFO - HTTP Request: POST http://127.0.0.1:11434/api/chat "HTTP/1.1 200 OK"
2026-05-12 23:28:48,117 - INFO - clear
2026-05-12 23:30:12,597 - INFO - who is the god of cricket
2026-05-12 23:30:32,663 - INFO - HTTP Request: POST http://127.0.0.1:11434/api/chat "HTTP/1.1 200 OK"
2026-05-13 00:01:19,860 - INFO - who is the god of cricket
2026-05-13 00:01:27,983 - INFO - HTTP Request: POST http://127.0.0.1:11434/api/chat "HTTP/1.1 200 OK"
2026-05-13 00:01:43,350 - INFO - can you make brightness 50
2026-05-13 00:01:43,581 - WARNING - exception parsing edid str for DISPLAY\AUO7EAD\4&300ab7d&0&UID8388688_0 - EDIDParseError: parsed EDID returned invalid display name
2026-05-13 00:01:57,556 - INFO - can you increase brightness 100
2026-05-13 00:01:57,818 - WARNING - exception parsing edid str for DISPLAY\AUO7EAD\4&300ab7d&0&UID8388688_0 - EDIDParseError: parsed EDID returned invalid display name
2026-05-13 00:02:39,235 - INFO - tell a joke
2026-05-13 00:02:40,806 - INFO - HTTP Request: POST http://127.0.0.1:11434/api/chat "HTTP/1.1 200 OK"
2026-05-13 00:02:50,498 - INFO - tell battery
2026-05-13 00:03:14,868 - INFO - open command prompt
2026-05-13 00:03:45,179 - INFO - what is the date
2026-05-13 00:03:46,903 - INFO - HTTP Request: POST http://127.0.0.1:11434/api/chat "HTTP/1.1 200 OK"
2026-05-13 00:04:23,764 - INFO - send whatsapp utkarsh hello
2026-05-13 00:04:26,953 - INFO - HTTP Request: POST http://127.0.0.1:11434/api/chat "HTTP/1.1 200 OK"
2026-05-13 00:37:24,348 - INFO - send utkarsh hello how are you
2026-05-13 00:37:31,812 - INFO - HTTP Request: POST http://127.0.0.1:11434/api/chat "HTTP/1.1 200 OK"
2026-05-13 00:38:52,869 - INFO - send hello utkarsh how are you on whatsapp
2026-05-13 00:38:54,204 - INFO - HTTP Request: POST http://127.0.0.1:11434/api/chat "HTTP/1.1 200 OK"
2026-05-13 16:50:12,615 - INFO - what is date today
2026-05-13 16:50:20,577 - INFO - what is time
2026-05-13 16:50:58,736 - INFO - search hello guys on youtube
2026-05-13 16:52:11,489 - INFO - open youtube and search chritian
2026-05-13 16:52:50,300 - INFO - maximize window
2026-05-13 16:53:16,449 - INFO - maximize window antigravity
2026-05-13 16:53:47,857 - INFO - whatsapp utkarsh hi
2026-05-13 16:53:59,974 - INFO - HTTP Request: POST http://127.0.0.1:11434/api/chat "HTTP/1.1 200 OK"
2026-05-13 17:04:43,582 - INFO - whatsapp utkarsh hello
2026-05-13 17:04:51,103 - INFO - HTTP Request: POST http://127.0.0.1:11434/api/chat "HTTP/1.1 200 OK"
2026-05-13 17:05:14,818 - INFO - jarvis research the history of ai
2026-05-13 17:05:18,984 - INFO - HTTP Request: POST http://127.0.0.1:11434/api/chat "HTTP/1.1 200 OK"
2026-05-13 17:05:26,379 - INFO - jarvis how are you
2026-05-13 17:05:28,069 - INFO - HTTP Request: POST http://127.0.0.1:11434/api/chat "HTTP/1.1 200 OK"
2026-05-13 17:05:42,157 - INFO - whatsapp utkarsh hello
2026-05-13 17:05:43,943 - INFO - HTTP Request: POST http://127.0.0.1:11434/api/chat "HTTP/1.1 200 OK"
2026-05-13 17:10:47,656 - INFO - whatsapp utkarsh hello bro
2026-05-13 17:14:03,183 - INFO - open resumeai pdf
2026-05-13 17:20:59,647 - INFO - open file resumeai
2026-05-13 17:23:00,541 - INFO - open file resumeai
2026-05-13 17:28:31,780 - INFO - take screenshot and save as hello
2026-05-13 17:28:39,033 - INFO - HTTP Request: POST http://127.0.0.1:11434/api/chat "HTTP/1.1 200 OK"
2026-05-13 17:31:25,779 - INFO - take screenshot and save as hello
2026-05-13 17:31:27,798 - INFO - HTTP Request: POST http://127.0.0.1:11434/api/chat "HTTP/1.1 200 OK"
2026-05-13 17:31:56,296 - INFO - take screenshot and save as hello
2026-05-13 17:43:11,294 - INFO - take screenshot hello\
2026-05-13 17:46:00,464 - INFO - take take screenshot as hello
2026-05-13 17:49:38,478 - INFO - take screenshot as hello
2026-05-13 17:52:39,856 - INFO - take screenshot as hello
2026-05-13 17:53:17,647 - INFO - take screenshot as hello
2026-05-13 17:59:23,241 - INFO - take screenshot as hello
2026-05-13 18:32:34,400 - INFO - open settings
2026-05-13 18:34:34,310 - INFO - hi bro
2026-05-13 18:34:40,319 - INFO - HTTP Request: POST http://127.0.0.1:11434/api/chat "HTTP/1.1 200 OK"
2026-05-13 18:34:49,947 - INFO - open chrome
2026-05-13 18:41:23,930 - INFO - big chrome
2026-05-13 18:41:29,322 - INFO - HTTP Request: POST http://127.0.0.1:11434/api/chat "HTTP/1.1 200 OK"
2026-05-13 18:44:43,102 - INFO - open youtube
2026-05-13 18:48:56,608 - INFO - youtube open jara
2026-05-13 18:49:02,577 - INFO - HTTP Request: POST http://127.0.0.1:11434/api/chat "HTTP/1.1 200 OK"
2026-05-13 18:51:26,049 - INFO - youtube open jara
2026-05-13 18:51:26,962 - INFO - HTTP Request: POST http://127.0.0.1:11434/api/chat "HTTP/1.1 200 OK"
2026-05-13 18:51:38,688 - INFO - python tutorials
2026-05-13 18:51:43,581 - INFO - HTTP Request: POST http://127.0.0.1:11434/api/chat "HTTP/1.1 200 OK"
2026-05-13 18:55:25,553 - INFO - open youtube
2026-05-13 18:55:49,456 - INFO - open youtube pe python tutorials
2026-05-13 18:57:42,966 - INFO - play lamborgini song
2026-05-13 18:57:48,437 - INFO - HTTP Request: POST http://127.0.0.1:11434/api/chat "HTTP/1.1 200 OK"
2026-05-13 18:59:32,069 - INFO - brightness 10
2026-05-13 18:59:32,346 - WARNING - exception parsing edid str for DISPLAY\AUO7EAD\4&300ab7d&0&UID8388688_0 - EDIDParseError: parsed EDID returned invalid display name
2026-05-13 18:59:37,635 - INFO - brightness 70
2026-05-13 18:59:37,835 - WARNING - exception parsing edid str for DISPLAY\AUO7EAD\4&300ab7d&0&UID8388688_0 - EDIDParseError: parsed EDID returned invalid display name
2026-05-13 18:59:43,706 - INFO - volume 50
2026-05-13 19:08:00,772 - INFO - open youtube
2026-05-13 19:08:34,889 - INFO - how much is the battery
2026-05-13 19:16:43,394 - INFO - increase the volume
2026-05-13 19:16:49,040 - INFO - HTTP Request: POST http://127.0.0.1:11434/api/chat "HTTP/1.1 200 OK"
2026-05-13 19:17:01,018 - INFO - unmute the volume
2026-05-13 19:19:34,208 - INFO - unmute cry
2026-05-13 19:19:54,264 - INFO - unmute cry
2026-05-13 19:22:07,323 - INFO - mute cry
2026-05-13 19:23:14,192 - INFO - mute cry
2026-05-13 19:43:10,618 - INFO - volume 80
2026-05-13 19:55:25,142 - INFO - increase volume
2026-05-13 19:57:05,699 - INFO - decrease volume
2026-05-13 19:57:38,931 - INFO - open file resumeai
2026-05-13 20:04:23,267 - INFO - volume check
2026-05-13 20:04:30,312 - INFO - HTTP Request: POST http://127.0.0.1:11434/api/chat "HTTP/1.1 200 OK"
2026-05-13 20:05:00,937 - INFO - check volume
2026-05-13 20:08:03,520 - INFO - check volume
2026-05-13 20:09:26,978 - INFO - check volume
2026-05-13 20:10:05,994 - INFO - decrease volume
2026-05-13 20:10:19,918 - INFO - set volume 50
2026-05-13 20:10:37,301 - INFO - decrease brightness
2026-05-13 20:10:37,474 - WARNING - exception parsing edid str for DISPLAY\AUO7EAD\4&300ab7d&0&UID8388688_0 - EDIDParseError: parsed EDID returned invalid display name
2026-05-13 20:10:51,664 - INFO - get brightness
2026-05-13 20:10:59,834 - INFO - HTTP Request: POST http://127.0.0.1:11434/api/chat "HTTP/1.1 200 OK"
2026-05-13 20:11:32,251 - INFO - check brightness
2026-05-13 20:11:32,378 - WARNING - exception parsing edid str for DISPLAY\AUO7EAD\4&300ab7d&0&UID8388688_0 - EDIDParseError: parsed EDID returned invalid display name
2026-05-13 20:11:45,078 - INFO - lock my pc
2026-05-13 20:11:47,914 - INFO - HTTP Request: POST http://127.0.0.1:11434/api/chat "HTTP/1.1 200 OK"
2026-05-13 20:12:15,399 - INFO - lock pc
2026-05-13 20:12:27,537 - INFO - check battery
2026-05-13 20:12:35,905 - INFO - maximize window
2026-05-13 20:12:50,725 - INFO - maximize window antigravity
2026-05-13 20:13:03,658 - INFO - find file resumeai
2026-05-13 20:13:18,708 - INFO - open file resumeai.pdf
2026-05-13 20:13:29,768 - INFO - open file resumeai
2026-05-13 20:13:59,843 - INFO - take screenshot
2026-05-13 20:14:09,678 - INFO - search apple
2026-05-13 20:14:22,095 - INFO - play song play song
2026-05-13 20:15:08,157 - INFO - play 8 parche
2026-05-13 20:15:29,548 - INFO - whatsapp utkarsh hi
2026-05-13 20:17:30,424 - INFO - what is the brightness
2026-05-13 20:17:30,958 - WARNING - exception parsing edid str for DISPLAY\AUO7EAD\4&300ab7d&0&UID8388688_0 - EDIDParseError: parsed EDID returned invalid display name
2026-05-13 20:18:08,810 - INFO - open file documents
2026-05-13 20:19:11,069 - INFO - open resume
2026-05-13 20:19:23,461 - INFO - open file resume
2026-05-13 20:46:11,926 - INFO - open calculator
2026-05-13 20:49:20,649 - INFO - open antigravity
2026-05-13 20:51:36,660 - INFO - open calculator
2026-05-13 20:53:46,857 - INFO - open calculator
2026-05-13 20:53:56,674 - INFO - open cloack
2026-05-13 20:54:01,971 - INFO - open clock
2026-05-13 23:32:44,800 - INFO - internet speed
2026-05-13 23:34:24,449 - INFO - internet speed test
2026-05-13 23:40:37,863 - INFO - check internet speed test
2026-05-13 23:41:46,962 - INFO - exit
2026-05-13 23:42:08,540 - INFO - check internet speed test
2026-05-13 23:43:23,476 - INFO - goodbye
2026-05-13 23:43:57,860 - INFO - check internet speed test
2026-05-13 23:44:44,276 - INFO - bye
2026-05-13 23:44:51,626 - INFO - HTTP Request: POST http://127.0.0.1:11434/api/chat "HTTP/1.1 200 OK"
2026-05-13 23:45:04,845 - INFO - goodbye
2026-05-13 23:47:51,693 - INFO - check internet speed
2026-05-13 23:49:12,888 - INFO - show wifi password
2026-05-13 23:49:33,777 - INFO - show wifi networks
2026-05-13 23:49:53,428 - INFO - check wifi status
2026-05-13 23:50:59,650 - INFO - show wifi password
2026-05-13 23:54:20,109 - INFO - goodbye
2026-05-14 00:00:29,852 - INFO - show wifi networks
2026-05-14 00:03:44,688 - INFO - thanks
2026-05-14 00:03:50,367 - INFO - HTTP Request: POST http://127.0.0.1:11434/api/chat "HTTP/1.1 200 OK"
2026-05-14 00:04:00,277 - INFO - goodbye
2026-05-14 00:04:11,731 - INFO - check wifi status
2026-05-14 00:04:22,637 - INFO - show wifi networks
2026-05-14 00:04:31,200 - INFO - check internet speed
2026-05-14 00:04:58,724 - INFO - show wifi settings
2026-05-14 00:05:28,052 - INFO - show wifi passwoshow wifi password
2026-05-14 00:05:38,479 - INFO - redmi note 10s
2026-05-14 00:05:40,504 - INFO - HTTP Request: POST http://127.0.0.1:11434/api/chat "HTTP/1.1 200 OK"
2026-05-14 00:05:48,103 - INFO - no
2026-05-14 00:05:49,355 - INFO - HTTP Request: POST http://127.0.0.1:11434/api/chat "HTTP/1.1 200 OK"
2026-05-14 00:06:39,219 - INFO - show bluetooth devices
2026-05-14 00:07:05,625 - INFO - turn on bluetooth
2026-05-14 00:08:44,958 - INFO - goodbye
2026-05-14 00:09:06,491 - INFO - turn bluetooth off
2026-05-14 00:11:05,007 - INFO - open bluetooth settings
2026-05-14 00:11:47,294 - INFO - get connected devices bluetooth
2026-05-14 00:14:49,767 - INFO - goodbye
2026-05-14 00:15:08,179 - INFO - show bluetooth devices
2026-05-14 00:15:18,750 - INFO - open bluetooth settings
2026-05-14 00:16:03,743 - INFO - open open bluetooth settings
2026-05-14 00:18:27,710 - INFO - goodbye
2026-05-14 00:18:49,438 - INFO - show bluetooth settings
2026-05-14 00:19:19,789 - INFO - show bluetooth devices
2026-05-14 00:19:31,983 - INFO - open bluetooth settings
2026-05-14 00:20:20,969 - INFO - goodbye
2026-05-14 00:20:36,453 - INFO - show bluetooth settings
2026-05-14 00:21:00,882 - INFO - get bluetooth connected device
2026-05-14 00:21:12,794 - INFO - disconnect bluetooth
2026-05-14 00:21:28,888 - INFO - turn off bluetooth
2026-05-14 00:22:51,043 - INFO - show bluetooth devices
2026-05-14 00:26:03,527 - INFO - goodbye
2026-05-14 00:26:21,682 - INFO - show bluetooth devices
2026-05-14 00:26:37,709 - INFO - open bluetooth settings
2026-05-14 00:26:55,235 - INFO - connect bluetooth device sohani
2026-05-14 00:27:06,140 - INFO - turn on bluetooth
2026-05-14 00:27:23,006 - INFO - turn off bluetooth
2026-05-14 00:30:40,191 - INFO - goodbye
2026-05-14 00:31:01,270 - INFO - show bluetooth devices
2026-05-14 00:31:22,846 - INFO - connect bluetooth device shiraj
2026-05-14 00:31:35,670 - INFO - turn off bluetooth
2026-05-14 00:31:47,470 - INFO - get connected devices
2026-05-14 00:31:53,830 - INFO - HTTP Request: POST http://127.0.0.1:11434/api/chat "HTTP/1.1 200 OK"
2026-05-14 00:33:54,280 - INFO - turn on hotspot
2026-05-14 00:35:46,365 - INFO - goodbye
2026-05-14 00:36:06,722 - INFO - turn on hotspot
2026-05-14 00:46:15,971 - INFO - goodbye
2026-05-14 00:46:57,250 - INFO - write on note notepad hi bro
2026-05-14 00:47:31,270 - INFO - write on note notepad hi browrite on notepad hi how r u
2026-05-14 00:48:04,543 - INFO - write on note notepad hi browrite on notepad hi how r u
2026-05-14 00:50:59,105 - INFO - write on note notepad hi bro
2026-05-14 00:51:44,380 - INFO - goodbye
2026-05-14 00:51:59,663 - INFO - wwrite on notepad hello bro
2026-05-14 00:52:44,243 - INFO - append note whats up
2026-05-14 00:52:51,735 - INFO - HTTP Request: POST http://127.0.0.1:11434/api/chat "HTTP/1.1 200 OK"
2026-05-14 00:53:04,135 - INFO - add on notepad how are you
2026-05-14 00:54:24,724 - INFO - add on notepad how are you
2026-05-14 00:59:20,498 - INFO - goodbye
2026-05-14 01:07:14,611 - INFO - write note hello
2026-05-14 01:07:39,964 - INFO - hellowrite on notepad hi bro
2026-05-14 01:10:21,634 - INFO - write on notepad hello
2026-05-14 01:11:40,012 - INFO - write note hey
2026-05-14 01:13:37,823 - INFO - goodbye
2026-05-14 01:13:57,258 - INFO - write on notepad hello bro
2026-05-14 01:15:11,737 - INFO - hello brogoodbye
2026-05-14 01:15:18,919 - INFO - HTTP Request: POST http://127.0.0.1:11434/api/chat "HTTP/1.1 200 OK"
2026-05-14 01:15:55,293 - INFO - write on notepad hello
2026-05-14 01:16:35,496 - INFO - clear
2026-05-14 01:16:37,254 - INFO - HTTP Request: POST http://127.0.0.1:11434/api/chat "HTTP/1.1 200 OK"
2026-05-14 01:17:26,244 - INFO - goodbye
2026-05-14 01:17:58,509 - INFO - write on notepad hello bro \
2026-05-14 01:21:09,510 - INFO - write on notepad hello bro
2026-05-14 01:21:24,988 - INFO - write on notepad hello bro
2026-05-14 01:23:11,710 - INFO - hello bro
2026-05-14 01:23:14,701 - INFO - write on notepad hello bro
2026-05-14 01:23:17,441 - INFO - HTTP Request: POST http://127.0.0.1:11434/api/chat "HTTP/1.1 200 OK"
2026-05-14 01:23:48,631 - INFO - write on notepad hello bro
